# JRE version: Java(TM) SE Runtime Environment (8.0_111-b14) (build 1.8.0_111-b14)
# Java VM: Java HotSpot(TM) 64-Bit Server VM (25.111-b14 mixed mode windows-amd64 compressed oops)
Heap:
 PSYoungGen      total 135168K, used 15542K [0x00000000eb400000, 0x00000000f6d00000, 0x0000000100000000)
  eden space 123392K, 3% used [0x00000000eb400000,0x00000000eb7af4a8,0x00000000f2c80000)
  from space 11776K, 99% used [0x00000000f2c80000,0x00000000f37fe4b8,0x00000000f3800000)
  to   space 13824K, 0% used [0x00000000f5f80000,0x00000000f5f80000,0x00000000f6d00000)
 ParOldGen       total 54272K, used 23124K [0x00000000c1c00000, 0x00000000c5100000, 0x00000000eb400000)
  object space 54272K, 42% used [0x00000000c1c00000,0x00000000c3295220,0x00000000c5100000)
 Metaspace       used 45891K, capacity 47078K, committed 47192K, reserved 1089536K
  class space    used 6405K, capacity 6722K, committed 6784K, reserved 1048576K
GC Heap History (10 events):
Event: 63.085 GC heap before
{Heap before GC invocations=11 (full 1):
 PSYoungGen      total 73216K, used 71932K [0x00000000eb400000, 0x00000000f2000000, 0x0000000100000000)
  eden space 65536K, 100% used [0x00000000eb400000,0x00000000ef400000,0x00000000ef400000)
  from space 7680K, 83% used [0x00000000ef400000,0x00000000efa3f3f8,0x00000000efb80000)
  to   space 8192K, 0% used [0x00000000f1800000,0x00000000f1800000,0x00000000f2000000)
 ParOldGen       total 32768K, used 9114K [0x00000000c1c00000, 0x00000000c3c00000, 0x00000000eb400000)
  object space 32768K, 27% used [0x00000000c1c00000,0x00000000c24e6968,0x00000000c3c00000)
 Metaspace       used 31089K, capacity 31588K, committed 32000K, reserved 1077248K
  class space    used 4304K, capacity 4511K, committed 4608K, reserved 1048576K
Event: 63.121 GC heap after
Heap after GC invocations=11 (full 1):
 PSYoungGen      total 100352K, used 8180K [0x00000000eb400000, 0x00000000f2000000, 0x0000000100000000)
  eden space 92160K, 0% used [0x00000000eb400000,0x00000000eb400000,0x00000000f0e00000)
  from space 8192K, 99% used [0x00000000f1800000,0x00000000f1ffd178,0x00000000f2000000)
  to   space 9216K, 0% used [0x00000000f0e00000,0x00000000f0e00000,0x00000000f1700000)
 ParOldGen       total 32768K, used 9327K [0x00000000c1c00000, 0x00000000c3c00000, 0x00000000eb400000)
  object space 32768K, 28% used [0x00000000c1c00000,0x00000000c251bf78,0x00000000c3c00000)
 Metaspace       used 31089K, capacity 31588K, committed 32000K, reserved 1077248K
  class space    used 4304K, capacity 4511K, committed 4608K, reserved 1048576K
}
Event: 69.911 GC heap before
{Heap before GC invocations=12 (full 1):
 PSYoungGen      total 100352K, used 93269K [0x00000000eb400000, 0x00000000f2000000, 0x0000000100000000)
  eden space 92160K, 92% used [0x00000000eb400000,0x00000000f07185a8,0x00000000f0e00000)
  from space 8192K, 99% used [0x00000000f1800000,0x00000000f1ffd178,0x00000000f2000000)
  to   space 9216K, 0% used [0x00000000f0e00000,0x00000000f0e00000,0x00000000f1700000)
 ParOldGen       total 32768K, used 9327K [0x00000000c1c00000, 0x00000000c3c00000, 0x00000000eb400000)
  object space 32768K, 28% used [0x00000000c1c00000,0x00000000c251bf78,0x00000000c3c00000)
 Metaspace       used 34569K, capacity 35202K, committed 35416K, reserved 1079296K
  class space    used 4757K, capacity 4962K, committed 4992K, reserved 1048576K
Event: 69.997 GC heap after
Heap after GC invocations=12 (full 1):
 PSYoungGen      total 101376K, used 9193K [0x00000000eb400000, 0x00000000f4980000, 0x0000000100000000)
  eden space 92160K, 0% used [0x00000000eb400000,0x00000000eb400000,0x00000000f0e00000)
  from space 9216K, 99% used [0x00000000f0e00000,0x00000000f16fa7a0,0x00000000f1700000)
  to   space 11776K, 0% used [0x00000000f3e00000,0x00000000f3e00000,0x00000000f4980000)
 ParOldGen       total 32768K, used 14176K [0x00000000c1c00000, 0x00000000c3c00000, 0x00000000eb400000)
  object space 32768K, 43% used [0x00000000c1c00000,0x00000000c29d80f8,0x00000000c3c00000)
 Metaspace       used 34569K, capacity 35202K, committed 35416K, reserved 1079296K
  class space    used 4757K, capacity 4962K, committed 4992K, reserved 1048576K
}
Event: 69.997 GC heap before
{Heap before GC invocations=13 (full 2):
 PSYoungGen      total 101376K, used 9193K [0x00000000eb400000, 0x00000000f4980000, 0x0000000100000000)
  eden space 92160K, 0% used [0x00000000eb400000,0x00000000eb400000,0x00000000f0e00000)
  from space 9216K, 99% used [0x00000000f0e00000,0x00000000f16fa7a0,0x00000000f1700000)
  to   space 11776K, 0% used [0x00000000f3e00000,0x00000000f3e00000,0x00000000f4980000)
 ParOldGen       total 32768K, used 14176K [0x00000000c1c00000, 0x00000000c3c00000, 0x00000000eb400000)
  object space 32768K, 43% used [0x00000000c1c00000,0x00000000c29d80f8,0x00000000c3c00000)
 Metaspace       used 34569K, capacity 35202K, committed 35416K, reserved 1079296K
  class space    used 4757K, capacity 4962K, committed 4992K, reserved 1048576K
Event: 70.450 GC heap after
Heap after GC invocations=13 (full 2):
 PSYoungGen      total 101376K, used 0K [0x00000000eb400000, 0x00000000f4980000, 0x0000000100000000)
  eden space 92160K, 0% used [0x00000000eb400000,0x00000000eb400000,0x00000000f0e00000)
  from space 9216K, 0% used [0x00000000f0e00000,0x00000000f0e00000,0x00000000f1700000)
  to   space 11776K, 0% used [0x00000000f3e00000,0x00000000f3e00000,0x00000000f4980000)
 ParOldGen       total 54272K, used 21126K [0x00000000c1c00000, 0x00000000c5100000, 0x00000000eb400000)
  object space 54272K, 38% used [0x00000000c1c00000,0x00000000c30a1858,0x00000000c5100000)
 Metaspace       used 34569K, capacity 35202K, committed 35416K, reserved 1079296K
  class space    used 4757K, capacity 4962K, committed 4992K, reserved 1048576K
}
Event: 80.915 GC heap before
{Heap before GC invocations=14 (full 2):
 PSYoungGen      total 101376K, used 92160K [0x00000000eb400000, 0x00000000f4980000, 0x0000000100000000)
  eden space 92160K, 100% used [0x00000000eb400000,0x00000000f0e00000,0x00000000f0e00000)
  from space 9216K, 0% used [0x00000000f0e00000,0x00000000f0e00000,0x00000000f1700000)
  to   space 11776K, 0% used [0x00000000f3e00000,0x00000000f3e00000,0x00000000f4980000)
 ParOldGen       total 54272K, used 21126K [0x00000000c1c00000, 0x00000000c5100000, 0x00000000eb400000)
  object space 54272K, 38% used [0x00000000c1c00000,0x00000000c30a1858,0x00000000c5100000)
 Metaspace       used 40161K, capacity 40880K, committed 41176K, reserved 1085440K
  class space    used 5539K, capacity 5799K, committed 5888K, reserved 1048576K
Event: 80.931 GC heap after
Heap after GC invocations=14 (full 2):
 PSYoungGen      total 129024K, used 5292K [0x00000000eb400000, 0x00000000f4380000, 0x0000000100000000)
  eden space 123392K, 0% used [0x00000000eb400000,0x00000000eb400000,0x00000000f2c80000)
  from space 5632K, 93% used [0x00000000f3e00000,0x00000000f432b310,0x00000000f4380000)
  to   space 11776K, 0% used [0x00000000f2c80000,0x00000000f2c80000,0x00000000f3800000)
 ParOldGen       total 54272K, used 21198K [0x00000000c1c00000, 0x00000000c5100000, 0x00000000eb400000)
  object space 54272K, 39% used [0x00000000c1c00000,0x00000000c30b3868,0x00000000c5100000)
 Metaspace       used 40161K, capacity 40880K, committed 41176K, reserved 1085440K
  class space    used 5539K, capacity 5799K, committed 5888K, reserved 1048576K
}
Event: 93.363 GC heap before
{Heap before GC invocations=15 (full 2):
 PSYoungGen      total 129024K, used 128684K [0x00000000eb400000, 0x00000000f4380000, 0x0000000100000000)
  eden space 123392K, 100% used [0x00000000eb400000,0x00000000f2c80000,0x00000000f2c80000)
  from space 5632K, 93% used [0x00000000f3e00000,0x00000000f432b310,0x00000000f4380000)
  to   space 11776K, 0% used [0x00000000f2c80000,0x00000000f2c80000,0x00000000f3800000)
 ParOldGen       total 54272K, used 21198K [0x00000000c1c00000, 0x00000000c5100000, 0x00000000eb400000)
  object space 54272K, 39% used [0x00000000c1c00000,0x00000000c30b3868,0x00000000c5100000)
 Metaspace       used 45584K, capacity 46828K, committed 46936K, reserved 1089536K
  class space    used 6370K, capacity 6683K, committed 6784K, reserved 1048576K
Event: 93.410 GC heap after
Heap after GC invocations=15 (full 2):
 PSYoungGen      total 135168K, used 11769K [0x00000000eb400000, 0x00000000f6d00000, 0x0000000100000000)
  eden space 123392K, 0% used [0x00000000eb400000,0x00000000eb400000,0x00000000f2c80000)
  from space 11776K, 99% used [0x00000000f2c80000,0x00000000f37fe4b8,0x00000000f3800000)
  to   space 13824K, 0% used [0x00000000f5f80000,0x00000000f5f80000,0x00000000f6d00000)
 ParOldGen       total 54272K, used 23124K [0x00000000c1c00000, 0x00000000c5100000, 0x00000000eb400000)
  object space 54272K, 42% used [0x00000000c1c00000,0x00000000c3295220,0x00000000c5100000)
 Metaspace       used 45584K, capacity 46828K, committed 46936K, reserved 1089536K
  class space    used 6370K, capacity 6683K, committed 6784K, reserved 1048576K
}

